0 info it worked if it ends with ok
1 verbose cli [ '/usr/local/bin/node',
1 verbose cli   '/usr/local/bin/npm',
1 verbose cli   'install',
1 verbose cli   'tomoko',
1 verbose cli   '-g',
1 verbose cli   '–d' ]
2 info using npm@3.10.6
3 info using node@v4.4.5
4 silly loadCurrentTree Starting
5 silly install loadCurrentTree
6 silly install readGlobalPackageData
7 silly fetchPackageMetaData tomoko
8 silly fetchPackageMetaData –d
9 silly fetchNamedPackageData tomoko
10 silly mapToRegistry name tomoko
11 silly mapToRegistry using default registry
12 silly mapToRegistry registry https://registry.npmjs.org/
13 silly mapToRegistry data Result {
13 silly mapToRegistry   raw: 'tomoko',
13 silly mapToRegistry   scope: null,
13 silly mapToRegistry   escapedName: 'tomoko',
13 silly mapToRegistry   name: 'tomoko',
13 silly mapToRegistry   rawSpec: '',
13 silly mapToRegistry   spec: 'latest',
13 silly mapToRegistry   type: 'tag' }
14 silly mapToRegistry uri https://registry.npmjs.org/tomoko
15 silly fetchOtherPackageData –d
16 silly cache add args [ '–d', null ]
17 verbose cache add spec –d
18 verbose request uri https://registry.npmjs.org/tomoko
19 verbose request no auth needed
20 info attempt registry request try #1 at 15:16:22
21 verbose request id 5fa1613503961712
22 http request GET https://registry.npmjs.org/tomoko
23 silly cache add parsed spec Result {
23 silly cache add   raw: '–d',
23 silly cache add   scope: null,
23 silly cache add   escapedName: null,
23 silly cache add   name: null,
23 silly cache add   rawSpec: '–d',
23 silly cache add   spec: '/Users/jyj/Documents/test/–d',
23 silly cache add   type: 'local' }
24 info retry will retry, error on last attempt: TypeError: The header content contains invalid characters
25 error addLocal Could not install /Users/jyj/Documents/test/–d
26 silly fetchPackageMetaData Error: ENOENT: no such file or directory, open '/Users/jyj/Documents/test/–d'
26 silly fetchPackageMetaData     at Error (native)
26 silly fetchPackageMetaData  error for –d { [Error: ENOENT: no such file or directory, open '/Users/jyj/Documents/test/–d']
26 silly fetchPackageMetaData   errno: -2,
26 silly fetchPackageMetaData   code: 'ENOENT',
26 silly fetchPackageMetaData   syscall: 'open',
26 silly fetchPackageMetaData   path: '/Users/jyj/Documents/test/–d' }
27 info attempt registry request try #2 at 15:16:32
28 http request GET https://registry.npmjs.org/tomoko
29 info retry will retry, error on last attempt: TypeError: The header content contains invalid characters
30 info attempt registry request try #3 at 15:17:32
31 http request GET https://registry.npmjs.org/tomoko
32 silly fetchPackageMetaData TypeError: The header content contains invalid characters
32 silly fetchPackageMetaData     at ClientRequest.OutgoingMessage.setHeader (_http_outgoing.js:351:13)
32 silly fetchPackageMetaData     at new ClientRequest (_http_client.js:79:14)
32 silly fetchPackageMetaData     at Object.exports.request (http.js:31:10)
32 silly fetchPackageMetaData     at Object.socket.once.exports.request (https.js:182:15)
32 silly fetchPackageMetaData     at Request.start (/usr/local/lib/node_modules/npm/node_modules/request/request.js:753:32)
32 silly fetchPackageMetaData     at Request.end (/usr/local/lib/node_modules/npm/node_modules/request/request.js:1418:10)
32 silly fetchPackageMetaData     at end (/usr/local/lib/node_modules/npm/node_modules/request/request.js:580:14)
32 silly fetchPackageMetaData     at Immediate._onImmediate (/usr/local/lib/node_modules/npm/node_modules/request/request.js:594:7)
32 silly fetchPackageMetaData     at processImmediate [as _immediateCallback] (timers.js:383:17)
32 silly fetchPackageMetaData  error for tomoko [TypeError: The header content contains invalid characters]
33 silly rollbackFailedOptional Starting
34 silly rollbackFailedOptional Finishing
35 silly runTopLevelLifecycles Starting
36 silly runTopLevelLifecycles Finishing
37 silly install printInstalled
38 verbose stack Error: ENOENT: no such file or directory, open '/Users/jyj/Documents/test/–d'
38 verbose stack     at Error (native)
39 verbose cwd /Users/jyj/Documents/test
40 error Darwin 15.3.0
41 error argv "/usr/local/bin/node" "/usr/local/bin/npm" "install" "tomoko" "-g" "–d"
42 error node v4.4.5
43 error npm  v3.10.6
44 error path /Users/jyj/Documents/test/–d
45 error code ENOENT
46 error errno -2
47 error syscall open
48 error enoent ENOENT: no such file or directory, open '/Users/jyj/Documents/test/–d'
49 error enoent ENOENT: no such file or directory, open '/Users/jyj/Documents/test/–d'
49 error enoent This is most likely not a problem with npm itself
49 error enoent and is related to npm not being able to find a file.
50 verbose exit [ -2, true ]
